2025-05-16 00:49:32,273 - INFO - [31m[1mWARNING: This is a development server. Do not use it in a production deployment. Use a production WSGI server instead.[0m
 * Running on http://127.0.0.1:5000
2025-05-16 00:49:32,273 - INFO - [33mPress CTRL+C to quit[0m
2025-05-16 00:50:07,585 - INFO - Seçilen ticker: THYAO.IS
2025-05-16 00:50:09,517 - INFO - THYAO.IS: Veri baþarýyla çekildi, 499 satýr, interval: 1d.
2025-05-16 00:50:09,583 - INFO - 127.0.0.1 - - [16/May/2025 00:50:09] "GET / HTTP/1.1" 200 -
2025-05-16 00:50:10,067 - INFO - 127.0.0.1 - - [16/May/2025 00:50:10] "[36mGET /static/logo.png HTTP/1.1[0m" 304 -
2025-05-16 00:50:10,084 - INFO - 127.0.0.1 - - [16/May/2025 00:50:10] "GET /static/style.css HTTP/1.1" 200 -
2025-05-16 00:50:10,361 - INFO - 127.0.0.1 - - [16/May/2025 00:50:10] "[36mGET /static/scripts.js HTTP/1.1[0m" 304 -
2025-05-16 00:50:14,470 - INFO - Form verileri - ticker: THYAO.IS, selected_stock: THYAO.IS
2025-05-16 00:50:14,470 - INFO - Seçilen ticker: THYAO.IS
2025-05-16 00:50:14,518 - INFO - THYAO.IS: Veri baþarýyla çekildi, 499 satýr, interval: 1d.
2025-05-16 00:50:14,565 - INFO - THYAO.IS: Veri baþarýyla çekildi, 499 satýr, interval: 1d.
2025-05-16 00:50:15,453 - WARNING - THYAO.IS: News API'da haber bulunamadý (sorgu: "Türk Hava Yollarý" OR THYAO.IS OR "Türk Hava Yollarý" lang:tr). Google News deneniyor.
2025-05-16 00:50:15,501 - ERROR - THYAO.IS: Google News veri çekme hatasý: URL can't contain control characters. '/rss/search?q=T%C3%BCrk Hava Yollar%C4%B1 T%C3%BCrk Hava Yollar%C4%B1+when:7d&hl=tr&gl=TR' (found at least ' ')
2025-05-16 00:50:55,104 - ERROR - $^XU100: possibly delisted; no price data found  (1d 2023-05-17 -> 2025-05-16)
2025-05-16 00:50:55,104 - INFO - ^XU100: Günlük veri alýnamadý, saatlik veriye geçiliyor.
2025-05-16 00:50:55,280 - ERROR - $^XU100: possibly delisted; no price data found  (1h 2025-03-17 -> 2025-05-16)
2025-05-16 00:50:55,280 - WARNING - ^XU100: Veri çekilemedi (boþ veri).
2025-05-16 00:50:55,356 - INFO - 127.0.0.1 - - [16/May/2025 00:50:55] "POST / HTTP/1.1" 200 -
2025-05-16 00:50:55,435 - INFO - 127.0.0.1 - - [16/May/2025 00:50:55] "[36mGET /static/scripts.js HTTP/1.1[0m" 304 -
2025-05-16 00:50:55,435 - INFO - 127.0.0.1 - - [16/May/2025 00:50:55] "[36mGET /static/style.css HTTP/1.1[0m" 304 -
2025-05-16 00:50:55,451 - INFO - 127.0.0.1 - - [16/May/2025 00:50:55] "[36mGET /static/logo.png HTTP/1.1[0m" 304 -
2025-05-16 01:00:51,523 - INFO - [31m[1mWARNING: This is a development server. Do not use it in a production deployment. Use a production WSGI server instead.[0m
 * Running on http://127.0.0.1:5000
2025-05-16 01:00:51,523 - INFO - [33mPress CTRL+C to quit[0m
2025-05-16 01:02:53,103 - INFO - Seçilen ticker: THYAO.IS
2025-05-16 01:02:54,746 - INFO - THYAO.IS: Veri baþarýyla çekildi, 499 satýr, interval: 1d.
2025-05-16 01:02:54,813 - INFO - 127.0.0.1 - - [16/May/2025 01:02:54] "GET / HTTP/1.1" 200 -
2025-05-16 01:02:55,262 - INFO - 127.0.0.1 - - [16/May/2025 01:02:55] "GET /static/style.css HTTP/1.1" 200 -
2025-05-16 01:02:55,262 - INFO - 127.0.0.1 - - [16/May/2025 01:02:55] "[36mGET /static/logo.png HTTP/1.1[0m" 304 -
2025-05-16 01:02:55,449 - INFO - 127.0.0.1 - - [16/May/2025 01:02:55] "[36mGET /static/scripts.js HTTP/1.1[0m" 304 -
2025-05-16 01:02:57,108 - INFO - Form verileri - ticker: THYAO.IS, selected_stock: THYAO.IS
2025-05-16 01:02:57,108 - INFO - Seçilen ticker: THYAO.IS
2025-05-16 01:02:57,162 - INFO - THYAO.IS: Veri baþarýyla çekildi, 499 satýr, interval: 1d.
2025-05-16 01:02:57,218 - INFO - THYAO.IS: Veri baþarýyla çekildi, 499 satýr, interval: 1d.
2025-05-16 01:02:57,625 - INFO - THYAO.IS: News API üzerinden 0 haber bulundu, Gün: 7
2025-05-16 01:02:57,671 - ERROR - THYAO.IS: Google News veri çekme hatasý: URL can't contain control characters. '/rss/search?q="T%C3%BCrk Hava Yollar%C4%B1" OR "THY" OR "Turkish Airlines" OR "havayolu" OR "u%C3%A7ak"+when:7d&hl=tr&gl=TR' (found at least ' ')
2025-05-16 01:02:57,675 - INFO - THYAO.IS: Yeterli haber bulunamadý, 30 güne geniþletiliyor.
2025-05-16 01:02:57,932 - INFO - THYAO.IS: News API üzerinden 0 haber bulundu, Gün: 30
2025-05-16 01:02:57,965 - ERROR - THYAO.IS: Google News veri çekme hatasý: URL can't contain control characters. '/rss/search?q="T%C3%BCrk Hava Yollar%C4%B1" OR "THY" OR "Turkish Airlines" OR "havayolu" OR "u%C3%A7ak"+when:30d&hl=tr&gl=TR' (found at least ' ')
2025-05-16 01:02:57,974 - INFO - THYAO.IS: Toplam 0 haber bulundu, Ortalama duygu skoru: 0.0
2025-05-16 01:03:15,883 - INFO - XU100.IS: Veri baþarýyla çekildi, 498 satýr, interval: 1d.
2025-05-16 01:03:15,937 - INFO - 127.0.0.1 - - [16/May/2025 01:03:15] "POST / HTTP/1.1" 200 -
2025-05-16 01:03:16,005 - INFO - 127.0.0.1 - - [16/May/2025 01:03:16] "[36mGET /static/logo.png HTTP/1.1[0m" 304 -
2025-05-16 01:03:16,005 - INFO - 127.0.0.1 - - [16/May/2025 01:03:16] "[36mGET /static/scripts.js HTTP/1.1[0m" 304 -
2025-05-16 01:03:16,005 - INFO - 127.0.0.1 - - [16/May/2025 01:03:16] "[36mGET /static/style.css HTTP/1.1[0m" 304 -
2025-05-16 01:05:10,768 - INFO - [31m[1mWARNING: This is a development server. Do not use it in a production deployment. Use a production WSGI server instead.[0m
 * Running on http://127.0.0.1:5000
2025-05-16 01:05:10,768 - INFO - [33mPress CTRL+C to quit[0m
2025-05-16 01:05:10,816 - INFO -  * Restarting with watchdog (windowsapi)
2025-05-16 01:05:33,843 - WARNING -  * Debugger is active!
2025-05-16 01:05:33,845 - INFO -  * Debugger PIN: 608-056-831
2025-05-16 01:07:37,841 - INFO - [31m[1mWARNING: This is a development server. Do not use it in a production deployment. Use a production WSGI server instead.[0m
 * Running on http://127.0.0.1:5000
2025-05-16 01:07:37,841 - INFO - [33mPress CTRL+C to quit[0m
2025-05-16 01:07:37,842 - INFO -  * Restarting with watchdog (windowsapi)
2025-05-16 01:07:50,720 - WARNING -  * Debugger is active!
2025-05-16 01:07:50,720 - INFO -  * Debugger PIN: 608-056-831
2025-05-16 01:10:07,131 - INFO -  * Detected change in 'C:\\Users\\berke\\PycharmProjects\\bitirme\\app.py', reloading
2025-05-16 01:10:07,131 - INFO -  * Detected change in 'C:\\Users\\berke\\PycharmProjects\\bitirme\\app.py', reloading
2025-05-16 01:10:07,133 - INFO -  * Detected change in 'C:\\Users\\berke\\PycharmProjects\\bitirme\\app.py', reloading
2025-05-16 01:10:07,133 - INFO -  * Detected change in 'C:\\Users\\berke\\PycharmProjects\\bitirme\\app.py', reloading
2025-05-16 01:10:32,668 - INFO - [31m[1mWARNING: This is a development server. Do not use it in a production deployment. Use a production WSGI server instead.[0m
 * Running on http://127.0.0.1:5001
2025-05-16 01:10:32,668 - INFO - [33mPress CTRL+C to quit[0m
2025-05-16 01:10:32,674 - INFO -  * Restarting with watchdog (windowsapi)
2025-05-16 01:10:51,413 - WARNING -  * Debugger is active!
2025-05-16 01:10:51,419 - INFO -  * Debugger PIN: 608-056-831
2025-05-16 01:12:18,157 - INFO - [31m[1mWARNING: This is a development server. Do not use it in a production deployment. Use a production WSGI server instead.[0m
 * Running on http://127.0.0.1:5000
2025-05-16 01:12:18,157 - INFO - [33mPress CTRL+C to quit[0m
2025-05-16 01:12:18,157 - INFO -  * Restarting with watchdog (windowsapi)
2025-05-16 01:12:30,135 - WARNING -  * Debugger is active!
2025-05-16 01:12:30,138 - INFO -  * Debugger PIN: 608-056-831
2025-05-16 01:14:34,307 - INFO -  * Detected change in 'C:\\Users\\berke\\PycharmProjects\\bitirme\\app.py', reloading
2025-05-16 01:14:34,307 - INFO -  * Detected change in 'C:\\Users\\berke\\PycharmProjects\\bitirme\\app.py', reloading
2025-05-16 01:14:34,307 - INFO -  * Detected change in 'C:\\Users\\berke\\PycharmProjects\\bitirme\\app.py', reloading
2025-05-16 01:14:57,504 - ERROR - Uygulama baþlatýlýrken hata: name 'app' is not defined
Traceback (most recent call last):
  File "C:\Users\berke\PycharmProjects\bitirme\app.py", line 38, in <module>
    app.run(debug=True, port=5000)
NameError: name 'app' is not defined

2025-05-16 01:14:57,537 - DEBUG - Starting new HTTPS connection (1): huggingface.co:443
2025-05-16 01:14:57,805 - DEBUG - https://huggingface.co:443 "HEAD /savasy/bert-base-turkish-sentiment-cased/resolve/main/config.json HTTP/1.1" 200 0
2025-05-16 01:15:00,907 - WARNING - From C:\Users\berke\AppData\Roaming\Python\Python310\site-packages\tf_keras\src\losses.py:2976: The name tf.losses.sparse_softmax_cross_entropy is deprecated. Please use tf.compat.v1.losses.sparse_softmax_cross_entropy instead.

2025-05-16 01:15:01,397 - INFO - [31m[1mWARNING: This is a development server. Do not use it in a production deployment. Use a production WSGI server instead.[0m
 * Running on http://127.0.0.1:5000
2025-05-16 01:15:01,397 - INFO - [33mPress CTRL+C to quit[0m
2025-05-16 01:15:01,399 - INFO -  * Restarting with watchdog (windowsapi)
2025-05-16 01:15:12,967 - ERROR - Uygulama baþlatýlýrken hata: name 'app' is not defined
Traceback (most recent call last):
  File "C:\Users\berke\PycharmProjects\bitirme\app.py", line 38, in <module>
    app.run(debug=True, port=5000)
NameError: name 'app' is not defined

2025-05-16 01:15:13,006 - DEBUG - Starting new HTTPS connection (1): huggingface.co:443
2025-05-16 01:15:13,209 - DEBUG - https://huggingface.co:443 "HEAD /savasy/bert-base-turkish-sentiment-cased/resolve/main/config.json HTTP/1.1" 200 0
2025-05-16 01:15:13,510 - WARNING -  * Debugger is active!
2025-05-16 01:15:13,512 - INFO -  * Debugger PIN: 608-056-831
2025-05-16 01:16:21,519 - INFO -  * Detected change in 'C:\\Users\\berke\\PycharmProjects\\bitirme\\app.py', reloading
2025-05-16 01:16:21,519 - INFO -  * Detected change in 'C:\\Users\\berke\\PycharmProjects\\bitirme\\app.py', reloading
2025-05-16 01:16:21,519 - INFO -  * Detected change in 'C:\\Users\\berke\\PycharmProjects\\bitirme\\app.py', reloading
2025-05-16 01:16:21,519 - INFO -  * Detected change in 'C:\\Users\\berke\\PycharmProjects\\bitirme\\app.py', reloading
2025-05-16 01:16:23,205 - INFO -  * Restarting with watchdog (windowsapi)
2025-05-16 01:16:43,229 - WARNING -  * Debugger is active!
2025-05-16 01:16:43,237 - INFO -  * Debugger PIN: 608-056-831
2025-05-16 01:25:37,630 - DEBUG - Starting new HTTPS connection (1): huggingface.co:443
2025-05-16 01:25:37,881 - DEBUG - https://huggingface.co:443 "HEAD /savasy/bert-base-turkish-sentiment-cased/resolve/main/config.json HTTP/1.1" 200 0
2025-05-16 01:25:40,879 - WARNING - From C:\Users\berke\AppData\Roaming\Python\Python310\site-packages\tf_keras\src\losses.py:2976: The name tf.losses.sparse_softmax_cross_entropy is deprecated. Please use tf.compat.v1.losses.sparse_softmax_cross_entropy instead.

2025-05-16 01:25:41,370 - INFO - [31m[1mWARNING: This is a development server. Do not use it in a production deployment. Use a production WSGI server instead.[0m
 * Running on http://127.0.0.1:5000
2025-05-16 01:25:41,370 - INFO - [33mPress CTRL+C to quit[0m
2025-05-16 01:25:41,370 - INFO -  * Restarting with watchdog (windowsapi)
2025-05-16 01:25:52,672 - DEBUG - Starting new HTTPS connection (1): huggingface.co:443
2025-05-16 01:25:52,864 - DEBUG - https://huggingface.co:443 "HEAD /savasy/bert-base-turkish-sentiment-cased/resolve/main/config.json HTTP/1.1" 200 0
2025-05-16 01:25:53,166 - WARNING -  * Debugger is active!
2025-05-16 01:25:53,166 - INFO -  * Debugger PIN: 608-056-831
