2025-04-17 13:06:25,641 - INFO - Sentiment skoru: 0.0
2025-04-17 13:07:11,897 - INFO - Yeni veri alýndý: THYAO.IS - 2025-04-17 12:52:00+03:00 - Fiyat: 323.5
2025-04-17 13:07:11,929 - WARNING - Özellikler hesaplanamadý: RSI, MACD, Sentiment veya SMA verisi eksik.
2025-04-17 13:08:12,124 - INFO - Yeni veri alýndý: THYAO.IS - 2025-04-17 12:53:00+03:00 - Fiyat: 323.25
2025-04-17 13:08:12,146 - WARNING - Özellikler hesaplanamadý: RSI, MACD, Sentiment veya SMA verisi eksik.
2025-04-17 13:09:02,210 - INFO - Sentiment skoru: 0.0
2025-04-17 13:09:27,013 - INFO - Gerçek zamanlý veri alýndý: 174 satýr
2025-04-17 13:09:27,014 - INFO - Yeni veri alýndý: THYAO.IS - 2025-04-17 12:54:00+03:00 - Fiyat: 323.5
2025-04-17 13:11:01,526 - INFO - Sentiment skoru: 0.0
2025-04-17 13:11:27,237 - INFO - Gerçek zamanlý veri alýndý: 176 satýr
2025-04-17 13:11:27,238 - INFO - Yeni veri alýndý: THYAO.IS - 2025-04-17 12:56:00+03:00 - Fiyat: 323.25
2025-04-17 13:11:27,246 - INFO - latest_data sütunlarý: [('Close', 'THYAO.IS'), ('High', 'THYAO.IS'), ('Low', 'THYAO.IS'), ('Open', 'THYAO.IS'), ('Volume', 'THYAO.IS'), ('RSI', ''), ('MACD', ''), ('Signal', ''), ('Upper_BB', ''), ('Lower_BB', ''), ('SMA', ''), ('Sentiment', ''), 'Close', 'Open', 'High', 'Low', 'Volume', 'RSI', 'MACD', 'Signal', 'Upper_BB', 'Lower_BB', 'SMA', 'Sentiment']
2025-04-17 13:11:27,272 - INFO - latest_data son 5 satýr:
                            Close  RSI  MACD  Sentiment  SMA
2025-04-11 00:00:00           NaN  NaN   NaN        0.0  NaN
2025-04-14 00:00:00           NaN  NaN   NaN        0.0  NaN
2025-04-15 00:00:00           NaN  NaN   NaN        0.0  NaN
2025-04-16 00:00:00           NaN  NaN   NaN        0.0  NaN
2025-04-17 12:56:00+03:00  323.25  NaN   0.0        0.0  NaN
2025-04-17 13:11:27,273 - INFO - latest_features boyutu: 0 satýr
2025-04-17 13:11:27,273 - WARNING - Özellikler hesaplanamadý: RSI, MACD, Sentiment veya SMA verisi eksik.
2025-04-17 13:12:27,480 - INFO - Gerçek zamanlý veri alýndý: 177 satýr
2025-04-17 13:12:27,480 - INFO - Yeni veri alýndý: THYAO.IS - 2025-04-17 12:57:00+03:00 - Fiyat: 323.5
2025-04-17 13:12:27,495 - INFO - latest_data sütunlarý: [('Close', 'THYAO.IS'), ('High', 'THYAO.IS'), ('Low', 'THYAO.IS'), ('Open', 'THYAO.IS'), ('Volume', 'THYAO.IS'), ('RSI', ''), ('MACD', ''), ('Signal', ''), ('Upper_BB', ''), ('Lower_BB', ''), ('SMA', ''), ('Sentiment', ''), 'Close', 'Open', 'High', 'Low', 'Volume', 'RSI', 'MACD', 'Signal', 'Upper_BB', 'Lower_BB', 'SMA', 'Sentiment']
2025-04-17 13:12:27,502 - INFO - latest_data son 5 satýr:
                            Close    RSI      MACD  Sentiment  SMA
2025-04-14 00:00:00           NaN    NaN       NaN        0.0  NaN
2025-04-15 00:00:00           NaN    NaN       NaN        0.0  NaN
2025-04-16 00:00:00           NaN    NaN       NaN        0.0  NaN
2025-04-17 12:56:00+03:00  323.25    NaN  0.000000        0.0  NaN
2025-04-17 12:57:00+03:00  323.50  100.0  0.019943        0.0  NaN
2025-04-17 13:12:27,507 - INFO - latest_features boyutu: 0 satýr
2025-04-17 13:12:27,507 - WARNING - Özellikler hesaplanamadý: RSI, MACD, Sentiment veya SMA verisi eksik.
2025-04-17 13:13:27,646 - INFO - Gerçek zamanlý veri alýndý: 178 satýr
2025-04-17 13:13:27,646 - INFO - Yeni veri alýndý: THYAO.IS - 2025-04-17 12:58:00+03:00 - Fiyat: 323.75
2025-04-17 13:13:27,662 - INFO - latest_data sütunlarý: [('Close', 'THYAO.IS'), ('High', 'THYAO.IS'), ('Low', 'THYAO.IS'), ('Open', 'THYAO.IS'), ('Volume', 'THYAO.IS'), ('RSI', ''), ('MACD', ''), ('Signal', ''), ('Upper_BB', ''), ('Lower_BB', ''), ('SMA', ''), ('Sentiment', ''), 'Close', 'Open', 'High', 'Low', 'Volume', 'RSI', 'MACD', 'Signal', 'Upper_BB', 'Lower_BB', 'SMA', 'Sentiment']
2025-04-17 13:13:27,678 - INFO - latest_data son 5 satýr:
                            Close    RSI      MACD  Sentiment  SMA
2025-04-15 00:00:00           NaN    NaN       NaN        0.0  NaN
2025-04-16 00:00:00           NaN    NaN       NaN        0.0  NaN
2025-04-17 12:56:00+03:00  323.25    NaN  0.000000        0.0  NaN
2025-04-17 12:57:00+03:00  323.50  100.0  0.019943        0.0  NaN
2025-04-17 12:58:00+03:00  323.75  100.0  0.055284        0.0  NaN
2025-04-17 13:13:27,678 - INFO - latest_features boyutu: 0 satýr
2025-04-17 13:13:27,678 - WARNING - Özellikler hesaplanamadý: RSI, MACD, Sentiment veya SMA verisi eksik.
2025-04-17 13:14:27,832 - INFO - Gerçek zamanlý veri alýndý: 179 satýr
2025-04-17 13:14:27,832 - INFO - Yeni veri alýndý: THYAO.IS - 2025-04-17 12:59:00+03:00 - Fiyat: 323.5
2025-04-17 13:14:27,841 - INFO - latest_data sütunlarý: [('Close', 'THYAO.IS'), ('High', 'THYAO.IS'), ('Low', 'THYAO.IS'), ('Open', 'THYAO.IS'), ('Volume', 'THYAO.IS'), ('RSI', ''), ('MACD', ''), ('Signal', ''), ('Upper_BB', ''), ('Lower_BB', ''), ('SMA', ''), ('Sentiment', ''), 'Close', 'Open', 'High', 'Low', 'Volume', 'RSI', 'MACD', 'Signal', 'Upper_BB', 'Lower_BB', 'SMA', 'Sentiment']
2025-04-17 13:14:27,851 - INFO - latest_data son 5 satýr:
                            Close         RSI      MACD  Sentiment  SMA
2025-04-16 00:00:00           NaN         NaN       NaN        0.0  NaN
2025-04-17 12:56:00+03:00  323.25         NaN  0.000000        0.0  NaN
2025-04-17 12:57:00+03:00  323.50  100.000000  0.019943        0.0  NaN
2025-04-17 12:58:00+03:00  323.75  100.000000  0.055284        0.0  NaN
2025-04-17 12:59:00+03:00  323.50   66.666667  0.062399        0.0  NaN
2025-04-17 13:14:27,851 - INFO - latest_features boyutu: 0 satýr
2025-04-17 13:14:27,851 - WARNING - Özellikler hesaplanamadý: RSI, MACD, Sentiment veya SMA verisi eksik.
2025-04-17 13:15:27,992 - INFO - Gerçek zamanlý veri alýndý: 180 satýr
2025-04-17 13:15:27,992 - INFO - Yeni veri alýndý: THYAO.IS - 2025-04-17 13:00:00+03:00 - Fiyat: 324.0
2025-04-17 13:15:28,003 - INFO - latest_data sütunlarý: [('Close', 'THYAO.IS'), ('High', 'THYAO.IS'), ('Low', 'THYAO.IS'), ('Open', 'THYAO.IS'), ('Volume', 'THYAO.IS'), ('RSI', ''), ('MACD', ''), ('Signal', ''), ('Upper_BB', ''), ('Lower_BB', ''), ('SMA', ''), ('Sentiment', ''), 'Close', 'Open', 'High', 'Low', 'Volume', 'RSI', 'MACD', 'Signal', 'Upper_BB', 'Lower_BB', 'SMA', 'Sentiment']
2025-04-17 13:15:28,013 - INFO - latest_data son 5 satýr:
                            Close         RSI      MACD  Sentiment  SMA
2025-04-17 12:56:00+03:00  323.25         NaN  0.000000        0.0  NaN
2025-04-17 12:57:00+03:00  323.50  100.000000  0.019943        0.0  NaN
2025-04-17 12:58:00+03:00  323.75  100.000000  0.055284        0.0  NaN
2025-04-17 12:59:00+03:00  323.50   66.666667  0.062399        0.0  NaN
2025-04-17 13:00:00+03:00  324.00   80.000000  0.107149        0.0  NaN
2025-04-17 13:15:28,013 - INFO - latest_features boyutu: 0 satýr
2025-04-17 13:15:28,013 - WARNING - Özellikler hesaplanamadý: RSI, MACD, Sentiment veya SMA verisi eksik.
2025-04-17 13:16:28,163 - INFO - Gerçek zamanlý veri alýndý: 181 satýr
2025-04-17 13:16:28,163 - INFO - Yeni veri alýndý: THYAO.IS - 2025-04-17 13:01:00+03:00 - Fiyat: 323.75
2025-04-17 13:16:28,172 - INFO - latest_data sütunlarý: [('Close', 'THYAO.IS'), ('High', 'THYAO.IS'), ('Low', 'THYAO.IS'), ('Open', 'THYAO.IS'), ('Volume', 'THYAO.IS'), ('RSI', ''), ('MACD', ''), ('Signal', ''), ('Upper_BB', ''), ('Lower_BB', ''), ('SMA', ''), ('Sentiment', ''), 'Close', 'Open', 'High', 'Low', 'Volume', 'RSI', 'MACD', 'Signal', 'Upper_BB', 'Lower_BB', 'SMA', 'Sentiment']
2025-04-17 13:16:28,188 - INFO - latest_data son 5 satýr:
                            Close         RSI      MACD  Sentiment  SMA
2025-04-17 12:57:00+03:00  323.50  100.000000  0.019943        0.0  NaN
2025-04-17 12:58:00+03:00  323.75  100.000000  0.055284        0.0  NaN
2025-04-17 12:59:00+03:00  323.50   66.666667  0.062399        0.0  NaN
2025-04-17 13:00:00+03:00  324.00   80.000000  0.107149        0.0  NaN
2025-04-17 13:01:00+03:00  323.75   66.666667  0.121045        0.0  NaN
2025-04-17 13:16:28,188 - INFO - latest_features boyutu: 0 satýr
2025-04-17 13:16:28,188 - WARNING - Özellikler hesaplanamadý: RSI, MACD, Sentiment veya SMA verisi eksik.
2025-04-17 15:41:56,923 - INFO - Sentiment skoru: 0.0
2025-04-17 15:42:38,628 - INFO - Gerçek zamanlý veri alýndý: 2231 satýr
2025-04-17 15:42:38,629 - INFO - Yeni veri alýndý: THYAO.IS - 2025-04-17 15:27:00+03:00 - Fiyat: 322.5
2025-04-17 15:42:38,649 - INFO - latest_data sütunlarý: [('Close', 'THYAO.IS'), ('High', 'THYAO.IS'), ('Low', 'THYAO.IS'), ('Open', 'THYAO.IS'), ('Volume', 'THYAO.IS'), ('RSI', ''), ('MACD', ''), ('Signal', ''), ('Upper_BB', ''), ('Lower_BB', ''), ('SMA', ''), ('Sentiment', ''), 'Close', 'Open', 'High', 'Low', 'Volume', 'RSI', 'MACD', 'Signal', 'Upper_BB', 'Lower_BB', 'SMA', 'Sentiment']
2025-04-17 15:42:38,649 - INFO - latest_data boyutu: 1000 satýr
2025-04-17 15:42:38,672 - INFO - latest_data son 5 satýr:
                           Close  RSI  MACD  Sentiment  SMA
2025-04-11 00:00:00          NaN  NaN   NaN        0.0  NaN
2025-04-14 00:00:00          NaN  NaN   NaN        0.0  NaN
2025-04-15 00:00:00          NaN  NaN   NaN        0.0  NaN
2025-04-16 00:00:00          NaN  NaN   NaN        0.0  NaN
2025-04-17 15:27:00+03:00  322.5  NaN   0.0        0.0  NaN
2025-04-17 15:42:38,674 - INFO - NaN deðer sayýlarý:
Close         999
RSI          1000
MACD          999
Sentiment       0
SMA          1000
2025-04-17 15:42:38,676 - INFO - latest_features boyutu: 0 satýr
2025-04-17 15:42:38,676 - WARNING - Özellikler hesaplanamadý: RSI, MACD, Sentiment veya SMA verisi eksik.
2025-04-17 16:36:20,848 - INFO - Gerçek zamanlý veri alýndý: 2285 satýr
2025-04-17 16:36:20,868 - INFO - Yeni veri alýndý: THYAO.IS - 2025-04-17 16:21:00+03:00 - Fiyat: 323.75
2025-04-17 16:36:20,955 - INFO - latest_data sütunlarý: [('Close', 'THYAO.IS'), ('High', 'THYAO.IS'), ('Low', 'THYAO.IS'), ('Open', 'THYAO.IS'), ('Volume', 'THYAO.IS'), ('RSI', ''), ('MACD', ''), ('Signal', ''), ('Upper_BB', ''), ('Lower_BB', ''), ('SMA', ''), ('Sentiment', ''), 'Close', 'Open', 'High', 'Low', 'Volume', 'RSI', 'MACD', 'Signal', 'Upper_BB', 'Lower_BB', 'SMA', 'Sentiment']
2025-04-17 16:36:20,955 - INFO - latest_data boyutu: 1000 satýr
2025-04-17 16:36:21,002 - INFO - latest_data son 5 satýr:
                            Close    RSI      MACD  Sentiment  SMA
2025-04-14 00:00:00           NaN    NaN       NaN        0.0  NaN
2025-04-15 00:00:00           NaN    NaN       NaN        0.0  NaN
2025-04-16 00:00:00           NaN    NaN       NaN        0.0  NaN
2025-04-17 15:27:00+03:00  322.50    NaN  0.000000        0.0  NaN
2025-04-17 16:21:00+03:00  323.75  100.0  0.099715        0.0  NaN
2025-04-17 16:36:21,018 - INFO - NaN deðer sayýlarý:
Close         998
RSI           999
MACD          998
Sentiment       0
SMA          1000
2025-04-17 16:36:21,032 - INFO - latest_features boyutu: 0 satýr
2025-04-17 16:36:21,032 - WARNING - Özellikler hesaplanamadý: RSI, MACD, Sentiment veya SMA verisi eksik.
2025-04-17 16:37:21,514 - INFO - Gerçek zamanlý veri alýndý: 2286 satýr
2025-04-17 16:37:21,514 - INFO - Yeni veri alýndý: THYAO.IS - 2025-04-17 16:22:00+03:00 - Fiyat: 324.0
2025-04-17 16:37:21,547 - INFO - latest_data sütunlarý: [('Close', 'THYAO.IS'), ('High', 'THYAO.IS'), ('Low', 'THYAO.IS'), ('Open', 'THYAO.IS'), ('Volume', 'THYAO.IS'), ('RSI', ''), ('MACD', ''), ('Signal', ''), ('Upper_BB', ''), ('Lower_BB', ''), ('SMA', ''), ('Sentiment', ''), 'Close', 'Open', 'High', 'Low', 'Volume', 'RSI', 'MACD', 'Signal', 'Upper_BB', 'Lower_BB', 'SMA', 'Sentiment']
2025-04-17 16:37:21,547 - INFO - latest_data boyutu: 1000 satýr
2025-04-17 16:37:21,561 - INFO - latest_data son 5 satýr:
                            Close    RSI      MACD  Sentiment  SMA
2025-04-15 00:00:00           NaN    NaN       NaN        0.0  NaN
2025-04-16 00:00:00           NaN    NaN       NaN        0.0  NaN
2025-04-17 15:27:00+03:00  322.50    NaN  0.000000        0.0  NaN
2025-04-17 16:21:00+03:00  323.75  100.0  0.099715        0.0  NaN
2025-04-17 16:22:00+03:00  324.00  100.0  0.196646        0.0  NaN
2025-04-17 16:37:21,564 - INFO - NaN deðer sayýlarý:
Close         997
RSI           998
MACD          997
Sentiment       0
SMA          1000
2025-04-17 16:37:21,573 - INFO - latest_features boyutu: 0 satýr
2025-04-17 16:37:21,573 - WARNING - Özellikler hesaplanamadý: RSI, MACD, Sentiment veya SMA verisi eksik.
2025-04-17 16:38:22,065 - INFO - Gerçek zamanlý veri alýndý: 2287 satýr
2025-04-17 16:38:22,065 - INFO - Yeni veri alýndý: THYAO.IS - 2025-04-17 16:23:00+03:00 - Fiyat: 323.75
2025-04-17 16:38:22,082 - INFO - latest_data sütunlarý: [('Close', 'THYAO.IS'), ('High', 'THYAO.IS'), ('Low', 'THYAO.IS'), ('Open', 'THYAO.IS'), ('Volume', 'THYAO.IS'), ('RSI', ''), ('MACD', ''), ('Signal', ''), ('Upper_BB', ''), ('Lower_BB', ''), ('SMA', ''), ('Sentiment', ''), 'Close', 'Open', 'High', 'Low', 'Volume', 'RSI', 'MACD', 'Signal', 'Upper_BB', 'Lower_BB', 'SMA', 'Sentiment']
2025-04-17 16:38:22,082 - INFO - latest_data boyutu: 1000 satýr
2025-04-17 16:38:22,089 - INFO - latest_data son 5 satýr:
                            Close         RSI      MACD  Sentiment  SMA
2025-04-16 00:00:00           NaN         NaN       NaN        0.0  NaN
2025-04-17 15:27:00+03:00  322.50         NaN  0.000000        0.0  NaN
2025-04-17 16:21:00+03:00  323.75  100.000000  0.099715        0.0  NaN
2025-04-17 16:22:00+03:00  324.00  100.000000  0.196646        0.0  NaN
2025-04-17 16:23:00+03:00  323.75   85.714286  0.250405        0.0  NaN
2025-04-17 16:38:22,095 - INFO - NaN deðer sayýlarý:
Close         996
RSI           997
MACD          996
Sentiment       0
SMA          1000
2025-04-17 16:38:22,098 - INFO - latest_features boyutu: 0 satýr
2025-04-17 16:38:22,098 - WARNING - Özellikler hesaplanamadý: RSI, MACD, Sentiment veya SMA verisi eksik.
2025-04-17 16:39:22,689 - INFO - Gerçek zamanlý veri alýndý: 2288 satýr
2025-04-17 16:39:22,689 - INFO - Yeni veri alýndý: THYAO.IS - 2025-04-17 16:24:00+03:00 - Fiyat: 323.5
2025-04-17 16:39:22,710 - INFO - latest_data sütunlarý: [('Close', 'THYAO.IS'), ('High', 'THYAO.IS'), ('Low', 'THYAO.IS'), ('Open', 'THYAO.IS'), ('Volume', 'THYAO.IS'), ('RSI', ''), ('MACD', ''), ('Signal', ''), ('Upper_BB', ''), ('Lower_BB', ''), ('SMA', ''), ('Sentiment', ''), 'Close', 'Open', 'High', 'Low', 'Volume', 'RSI', 'MACD', 'Signal', 'Upper_BB', 'Lower_BB', 'SMA', 'Sentiment']
2025-04-17 16:39:22,710 - INFO - latest_data boyutu: 1000 satýr
2025-04-17 16:39:22,713 - INFO - latest_data son 5 satýr:
                            Close         RSI      MACD  Sentiment  SMA
2025-04-17 15:27:00+03:00  322.50         NaN  0.000000        0.0  NaN
2025-04-17 16:21:00+03:00  323.75  100.000000  0.099715        0.0  NaN
2025-04-17 16:22:00+03:00  324.00  100.000000  0.196646        0.0  NaN
2025-04-17 16:23:00+03:00  323.75   85.714286  0.250405        0.0  NaN
2025-04-17 16:24:00+03:00  323.50   75.000000  0.269728        0.0  NaN
2025-04-17 16:39:22,721 - INFO - NaN deðer sayýlarý:
Close         995
RSI           996
MACD          995
Sentiment       0
SMA          1000
2025-04-17 16:39:22,721 - INFO - latest_features boyutu: 0 satýr
2025-04-17 16:39:22,721 - WARNING - Özellikler hesaplanamadý: RSI, MACD, Sentiment veya SMA verisi eksik.
2025-04-17 16:40:23,159 - INFO - Gerçek zamanlý veri alýndý: 2289 satýr
2025-04-17 16:40:23,159 - INFO - Yeni veri alýndý: THYAO.IS - 2025-04-17 16:25:00+03:00 - Fiyat: 323.5
2025-04-17 16:40:23,174 - INFO - latest_data sütunlarý: [('Close', 'THYAO.IS'), ('High', 'THYAO.IS'), ('Low', 'THYAO.IS'), ('Open', 'THYAO.IS'), ('Volume', 'THYAO.IS'), ('RSI', ''), ('MACD', ''), ('Signal', ''), ('Upper_BB', ''), ('Lower_BB', ''), ('SMA', ''), ('Sentiment', ''), 'Close', 'Open', 'High', 'Low', 'Volume', 'RSI', 'MACD', 'Signal', 'Upper_BB', 'Lower_BB', 'SMA', 'Sentiment']
2025-04-17 16:40:23,179 - INFO - latest_data boyutu: 1000 satýr
2025-04-17 16:40:23,184 - INFO - latest_data son 5 satýr:
                            Close         RSI      MACD  Sentiment  SMA
2025-04-17 16:21:00+03:00  323.75  100.000000  0.099715        0.0  NaN
2025-04-17 16:22:00+03:00  324.00  100.000000  0.196646        0.0  NaN
2025-04-17 16:23:00+03:00  323.75   85.714286  0.250405        0.0  NaN
2025-04-17 16:24:00+03:00  323.50   75.000000  0.269728        0.0  NaN
2025-04-17 16:25:00+03:00  323.50   75.000000  0.281792        0.0  NaN
2025-04-17 16:40:23,191 - INFO - NaN deðer sayýlarý:
Close         994
RSI           995
MACD          994
Sentiment       0
SMA          1000
2025-04-17 16:40:23,196 - INFO - latest_features boyutu: 0 satýr
2025-04-17 16:40:23,196 - WARNING - Özellikler hesaplanamadý: RSI, MACD, Sentiment veya SMA verisi eksik.
2025-04-17 16:41:23,634 - INFO - Gerçek zamanlý veri alýndý: 2290 satýr
2025-04-17 16:41:23,634 - INFO - Yeni veri alýndý: THYAO.IS - 2025-04-17 16:26:00+03:00 - Fiyat: 323.5
2025-04-17 16:41:23,651 - INFO - latest_data sütunlarý: [('Close', 'THYAO.IS'), ('High', 'THYAO.IS'), ('Low', 'THYAO.IS'), ('Open', 'THYAO.IS'), ('Volume', 'THYAO.IS'), ('RSI', ''), ('MACD', ''), ('Signal', ''), ('Upper_BB', ''), ('Lower_BB', ''), ('SMA', ''), ('Sentiment', ''), 'Close', 'Open', 'High', 'Low', 'Volume', 'RSI', 'MACD', 'Signal', 'Upper_BB', 'Lower_BB', 'SMA', 'Sentiment']
2025-04-17 16:41:23,651 - INFO - latest_data boyutu: 1000 satýr
2025-04-17 16:41:23,659 - INFO - latest_data son 5 satýr:
                            Close         RSI      MACD  Sentiment  SMA
2025-04-17 16:22:00+03:00  324.00  100.000000  0.196646        0.0  NaN
2025-04-17 16:23:00+03:00  323.75   85.714286  0.250405        0.0  NaN
2025-04-17 16:24:00+03:00  323.50   75.000000  0.269728        0.0  NaN
2025-04-17 16:25:00+03:00  323.50   75.000000  0.281792        0.0  NaN
2025-04-17 16:26:00+03:00  323.50   75.000000  0.288033        0.0  NaN
2025-04-17 16:41:23,659 - INFO - NaN deðer sayýlarý:
Close         993
RSI           994
MACD          993
Sentiment       0
SMA          1000
2025-04-17 16:41:23,667 - INFO - latest_features boyutu: 0 satýr
2025-04-17 16:41:23,667 - WARNING - Özellikler hesaplanamadý: RSI, MACD, Sentiment veya SMA verisi eksik.
2025-04-17 16:42:24,089 - INFO - Gerçek zamanlý veri alýndý: 2291 satýr
2025-04-17 16:42:24,089 - INFO - Yeni veri alýndý: THYAO.IS - 2025-04-17 16:27:00+03:00 - Fiyat: 323.5
2025-04-17 16:42:24,102 - INFO - latest_data sütunlarý: [('Close', 'THYAO.IS'), ('High', 'THYAO.IS'), ('Low', 'THYAO.IS'), ('Open', 'THYAO.IS'), ('Volume', 'THYAO.IS'), ('RSI', ''), ('MACD', ''), ('Signal', ''), ('Upper_BB', ''), ('Lower_BB', ''), ('SMA', ''), ('Sentiment', ''), 'Close', 'Open', 'High', 'Low', 'Volume', 'RSI', 'MACD', 'Signal', 'Upper_BB', 'Lower_BB', 'SMA', 'Sentiment']
2025-04-17 16:42:24,110 - INFO - latest_data boyutu: 1000 satýr
2025-04-17 16:42:24,110 - INFO - latest_data son 5 satýr:
                            Close        RSI      MACD  Sentiment  SMA
2025-04-17 16:23:00+03:00  323.75  85.714286  0.250405        0.0  NaN
2025-04-17 16:24:00+03:00  323.50  75.000000  0.269728        0.0  NaN
2025-04-17 16:25:00+03:00  323.50  75.000000  0.281792        0.0  NaN
2025-04-17 16:26:00+03:00  323.50  75.000000  0.288033        0.0  NaN
2025-04-17 16:27:00+03:00  323.50  75.000000  0.289641        0.0  NaN
2025-04-17 16:42:24,120 - INFO - NaN deðer sayýlarý:
Close         992
RSI           993
MACD          992
Sentiment       0
SMA          1000
2025-04-17 16:42:24,120 - INFO - latest_features boyutu: 0 satýr
2025-04-17 16:42:24,120 - WARNING - Özellikler hesaplanamadý: RSI, MACD, Sentiment veya SMA verisi eksik.
2025-04-17 16:43:24,549 - INFO - Gerçek zamanlý veri alýndý: 2292 satýr
2025-04-17 16:43:24,549 - INFO - Yeni veri alýndý: THYAO.IS - 2025-04-17 16:28:00+03:00 - Fiyat: 323.5
2025-04-17 16:43:25,219 - INFO - Sentiment skoru: 0.0
2025-04-17 16:43:25,224 - INFO - latest_data sütunlarý: [('Close', 'THYAO.IS'), ('High', 'THYAO.IS'), ('Low', 'THYAO.IS'), ('Open', 'THYAO.IS'), ('Volume', 'THYAO.IS'), ('RSI', ''), ('MACD', ''), ('Signal', ''), ('Upper_BB', ''), ('Lower_BB', ''), ('SMA', ''), ('Sentiment', ''), 'Close', 'Open', 'High', 'Low', 'Volume', 'RSI', 'MACD', 'Signal', 'Upper_BB', 'Lower_BB', 'SMA', 'Sentiment']
2025-04-17 16:43:25,226 - INFO - latest_data boyutu: 1000 satýr
2025-04-17 16:43:25,229 - INFO - latest_data son 5 satýr:
                           Close   RSI      MACD  Sentiment  SMA
2025-04-17 16:24:00+03:00  323.5  75.0  0.269728        0.0  NaN
2025-04-17 16:25:00+03:00  323.5  75.0  0.281792        0.0  NaN
2025-04-17 16:26:00+03:00  323.5  75.0  0.288033        0.0  NaN
2025-04-17 16:27:00+03:00  323.5  75.0  0.289641        0.0  NaN
2025-04-17 16:28:00+03:00  323.5  75.0  0.287599        0.0  NaN
2025-04-17 16:43:25,232 - INFO - NaN deðer sayýlarý:
Close         991
RSI           992
MACD          991
Sentiment       0
SMA          1000
2025-04-17 16:43:25,239 - INFO - latest_features boyutu: 0 satýr
2025-04-17 16:43:25,239 - WARNING - Özellikler hesaplanamadý: RSI, MACD, Sentiment veya SMA verisi eksik.
2025-04-17 16:44:25,694 - INFO - Gerçek zamanlý veri alýndý: 2293 satýr
2025-04-17 16:44:25,694 - INFO - Yeni veri alýndý: THYAO.IS - 2025-04-17 16:29:00+03:00 - Fiyat: 323.5
2025-04-17 16:44:25,711 - INFO - latest_data sütunlarý: [('Close', 'THYAO.IS'), ('High', 'THYAO.IS'), ('Low', 'THYAO.IS'), ('Open', 'THYAO.IS'), ('Volume', 'THYAO.IS'), ('RSI', ''), ('MACD', ''), ('Signal', ''), ('Upper_BB', ''), ('Lower_BB', ''), ('SMA', ''), ('Sentiment', ''), 'Close', 'Open', 'High', 'Low', 'Volume', 'RSI', 'MACD', 'Signal', 'Upper_BB', 'Lower_BB', 'SMA', 'Sentiment']
2025-04-17 16:44:25,711 - INFO - latest_data boyutu: 1000 satýr
2025-04-17 16:44:25,719 - INFO - latest_data son 5 satýr:
                           Close   RSI      MACD  Sentiment  SMA
2025-04-17 16:25:00+03:00  323.5  75.0  0.281792        0.0  NaN
2025-04-17 16:26:00+03:00  323.5  75.0  0.288033        0.0  NaN
2025-04-17 16:27:00+03:00  323.5  75.0  0.289641        0.0  NaN
2025-04-17 16:28:00+03:00  323.5  75.0  0.287599        0.0  NaN
2025-04-17 16:29:00+03:00  323.5  75.0  0.282722        0.0  NaN
2025-04-17 16:44:25,719 - INFO - NaN deðer sayýlarý:
Close         990
RSI           991
MACD          990
Sentiment       0
SMA          1000
2025-04-17 16:44:25,729 - INFO - latest_features boyutu: 0 satýr
2025-04-17 16:44:25,729 - WARNING - Özellikler hesaplanamadý: RSI, MACD, Sentiment veya SMA verisi eksik.
2025-04-17 16:45:26,150 - INFO - Gerçek zamanlý veri alýndý: 2294 satýr
2025-04-17 16:45:26,150 - INFO - Yeni veri alýndý: THYAO.IS - 2025-04-17 16:30:00+03:00 - Fiyat: 323.75
2025-04-17 16:45:26,170 - INFO - latest_data sütunlarý: [('Close', 'THYAO.IS'), ('High', 'THYAO.IS'), ('Low', 'THYAO.IS'), ('Open', 'THYAO.IS'), ('Volume', 'THYAO.IS'), ('RSI', ''), ('MACD', ''), ('Signal', ''), ('Upper_BB', ''), ('Lower_BB', ''), ('SMA', ''), ('Sentiment', ''), 'Close', 'Open', 'High', 'Low', 'Volume', 'RSI', 'MACD', 'Signal', 'Upper_BB', 'Lower_BB', 'SMA', 'Sentiment']
2025-04-17 16:45:26,170 - INFO - latest_data boyutu: 1000 satýr
2025-04-17 16:45:26,174 - INFO - latest_data son 5 satýr:
                            Close        RSI      MACD  Sentiment  SMA
2025-04-17 16:26:00+03:00  323.50  75.000000  0.288033        0.0  NaN
2025-04-17 16:27:00+03:00  323.50  75.000000  0.289641        0.0  NaN
2025-04-17 16:28:00+03:00  323.50  75.000000  0.287599        0.0  NaN
2025-04-17 16:29:00+03:00  323.50  75.000000  0.282722        0.0  NaN
2025-04-17 16:30:00+03:00  323.75  77.777778  0.295623        0.0  NaN
2025-04-17 16:45:26,183 - INFO - NaN deðer sayýlarý:
Close         989
RSI           990
MACD          989
Sentiment       0
SMA          1000
2025-04-17 16:45:26,183 - INFO - latest_features boyutu: 0 satýr
2025-04-17 16:45:26,183 - WARNING - Özellikler hesaplanamadý: RSI, MACD, Sentiment veya SMA verisi eksik.
2025-04-17 16:46:26,599 - INFO - Gerçek zamanlý veri alýndý: 2295 satýr
2025-04-17 16:46:26,599 - INFO - Yeni veri alýndý: THYAO.IS - 2025-04-17 16:31:00+03:00 - Fiyat: 324.0
2025-04-17 16:46:26,617 - INFO - latest_data sütunlarý: [('Close', 'THYAO.IS'), ('High', 'THYAO.IS'), ('Low', 'THYAO.IS'), ('Open', 'THYAO.IS'), ('Volume', 'THYAO.IS'), ('RSI', ''), ('MACD', ''), ('Signal', ''), ('Upper_BB', ''), ('Lower_BB', ''), ('SMA', ''), ('Sentiment', ''), 'Close', 'Open', 'High', 'Low', 'Volume', 'RSI', 'MACD', 'Signal', 'Upper_BB', 'Lower_BB', 'SMA', 'Sentiment']
2025-04-17 16:46:26,617 - INFO - latest_data boyutu: 1000 satýr
2025-04-17 16:46:26,625 - INFO - latest_data son 5 satýr:
                            Close        RSI      MACD  Sentiment  SMA
2025-04-17 16:27:00+03:00  323.50  75.000000  0.289641        0.0  NaN
2025-04-17 16:28:00+03:00  323.50  75.000000  0.287599        0.0  NaN
2025-04-17 16:29:00+03:00  323.50  75.000000  0.282722        0.0  NaN
2025-04-17 16:30:00+03:00  323.75  77.777778  0.295623        0.0  NaN
2025-04-17 16:31:00+03:00  324.00  80.000000  0.322304        0.0  NaN
2025-04-17 16:46:26,630 - INFO - NaN deðer sayýlarý:
Close         988
RSI           989
MACD          988
Sentiment       0
SMA          1000
2025-04-17 16:46:26,634 - INFO - latest_features boyutu: 0 satýr
2025-04-17 16:46:26,634 - WARNING - Özellikler hesaplanamadý: RSI, MACD, Sentiment veya SMA verisi eksik.
2025-04-17 16:47:27,051 - INFO - Gerçek zamanlý veri alýndý: 2296 satýr
2025-04-17 16:47:27,051 - INFO - Yeni veri alýndý: THYAO.IS - 2025-04-17 16:32:00+03:00 - Fiyat: 323.75
2025-04-17 16:47:27,064 - INFO - latest_data sütunlarý: [('Close', 'THYAO.IS'), ('High', 'THYAO.IS'), ('Low', 'THYAO.IS'), ('Open', 'THYAO.IS'), ('Volume', 'THYAO.IS'), ('RSI', ''), ('MACD', ''), ('Signal', ''), ('Upper_BB', ''), ('Lower_BB', ''), ('SMA', ''), ('Sentiment', ''), 'Close', 'Open', 'High', 'Low', 'Volume', 'RSI', 'MACD', 'Signal', 'Upper_BB', 'Lower_BB', 'SMA', 'Sentiment']
2025-04-17 16:47:27,068 - INFO - latest_data boyutu: 1000 satýr
2025-04-17 16:47:27,069 - INFO - latest_data son 5 satýr:
                            Close        RSI      MACD  Sentiment  SMA
2025-04-17 16:28:00+03:00  323.50  75.000000  0.287599        0.0  NaN
2025-04-17 16:29:00+03:00  323.50  75.000000  0.282722        0.0  NaN
2025-04-17 16:30:00+03:00  323.75  77.777778  0.295623        0.0  NaN
2025-04-17 16:31:00+03:00  324.00  80.000000  0.322304        0.0  NaN
2025-04-17 16:32:00+03:00  323.75  72.727273  0.319592        0.0  NaN
2025-04-17 16:47:27,079 - INFO - NaN deðer sayýlarý:
Close         987
RSI           988
MACD          987
Sentiment       0
SMA          1000
2025-04-17 16:47:27,079 - INFO - latest_features boyutu: 0 satýr
2025-04-17 16:47:27,079 - WARNING - Özellikler hesaplanamadý: RSI, MACD, Sentiment veya SMA verisi eksik.
2025-04-17 16:48:27,524 - INFO - Gerçek zamanlý veri alýndý: 2297 satýr
2025-04-17 16:48:27,524 - INFO - Yeni veri alýndý: THYAO.IS - 2025-04-17 16:33:00+03:00 - Fiyat: 323.75
2025-04-17 16:48:27,539 - INFO - latest_data sütunlarý: [('Close', 'THYAO.IS'), ('High', 'THYAO.IS'), ('Low', 'THYAO.IS'), ('Open', 'THYAO.IS'), ('Volume', 'THYAO.IS'), ('RSI', ''), ('MACD', ''), ('Signal', ''), ('Upper_BB', ''), ('Lower_BB', ''), ('SMA', ''), ('Sentiment', ''), 'Close', 'Open', 'High', 'Low', 'Volume', 'RSI', 'MACD', 'Signal', 'Upper_BB', 'Lower_BB', 'SMA', 'Sentiment']
2025-04-17 16:48:27,539 - INFO - latest_data boyutu: 1000 satýr
2025-04-17 16:48:27,549 - INFO - latest_data son 5 satýr:
                            Close        RSI      MACD  Sentiment  SMA
2025-04-17 16:29:00+03:00  323.50  75.000000  0.282722        0.0  NaN
2025-04-17 16:30:00+03:00  323.75  77.777778  0.295623        0.0  NaN
2025-04-17 16:31:00+03:00  324.00  80.000000  0.322304        0.0  NaN
2025-04-17 16:32:00+03:00  323.75  72.727273  0.319592        0.0  NaN
2025-04-17 16:33:00+03:00  323.75  72.727273  0.313825        0.0  NaN
2025-04-17 16:48:27,553 - INFO - NaN deðer sayýlarý:
Close         986
RSI           987
MACD          986
Sentiment       0
SMA          1000
2025-04-17 16:48:27,553 - INFO - latest_features boyutu: 0 satýr
2025-04-17 16:48:27,553 - WARNING - Özellikler hesaplanamadý: RSI, MACD, Sentiment veya SMA verisi eksik.
2025-04-17 16:49:27,942 - INFO - Gerçek zamanlý veri alýndý: 2298 satýr
2025-04-17 16:49:27,942 - INFO - Yeni veri alýndý: THYAO.IS - 2025-04-17 16:34:00+03:00 - Fiyat: 323.75
2025-04-17 16:49:27,952 - INFO - latest_data sütunlarý: [('Close', 'THYAO.IS'), ('High', 'THYAO.IS'), ('Low', 'THYAO.IS'), ('Open', 'THYAO.IS'), ('Volume', 'THYAO.IS'), ('RSI', ''), ('MACD', ''), ('Signal', ''), ('Upper_BB', ''), ('Lower_BB', ''), ('SMA', ''), ('Sentiment', ''), 'Close', 'Open', 'High', 'Low', 'Volume', 'RSI', 'MACD', 'Signal', 'Upper_BB', 'Lower_BB', 'SMA', 'Sentiment']
2025-04-17 16:49:27,952 - INFO - latest_data boyutu: 1000 satýr
2025-04-17 16:49:27,957 - INFO - latest_data son 5 satýr:
                            Close        RSI      MACD  Sentiment  SMA
2025-04-17 16:30:00+03:00  323.75  77.777778  0.295623        0.0  NaN
2025-04-17 16:31:00+03:00  324.00  80.000000  0.322304        0.0  NaN
2025-04-17 16:32:00+03:00  323.75  72.727273  0.319592        0.0  NaN
2025-04-17 16:33:00+03:00  323.75  72.727273  0.313825        0.0  NaN
2025-04-17 16:34:00+03:00  323.75  72.727273  0.305730        0.0  NaN
2025-04-17 16:49:27,961 - INFO - NaN deðer sayýlarý:
Close         985
RSI           986
MACD          985
Sentiment       0
SMA          1000
2025-04-17 16:49:27,962 - INFO - latest_features boyutu: 0 satýr
2025-04-17 16:49:27,962 - WARNING - Özellikler hesaplanamadý: RSI, MACD, Sentiment veya SMA verisi eksik.
2025-04-17 16:50:28,506 - INFO - Gerçek zamanlý veri alýndý: 2299 satýr
2025-04-17 16:50:28,506 - INFO - Yeni veri alýndý: THYAO.IS - 2025-04-17 16:35:00+03:00 - Fiyat: 323.5
2025-04-17 16:50:28,522 - INFO - latest_data sütunlarý: [('Close', 'THYAO.IS'), ('High', 'THYAO.IS'), ('Low', 'THYAO.IS'), ('Open', 'THYAO.IS'), ('Volume', 'THYAO.IS'), ('RSI', ''), ('MACD', ''), ('Signal', ''), ('Upper_BB', ''), ('Lower_BB', ''), ('SMA', ''), ('Sentiment', ''), 'Close', 'Open', 'High', 'Low', 'Volume', 'RSI', 'MACD', 'Signal', 'Upper_BB', 'Lower_BB', 'SMA', 'Sentiment']
2025-04-17 16:50:28,522 - INFO - latest_data boyutu: 1000 satýr
2025-04-17 16:50:28,522 - INFO - latest_data son 5 satýr:
                            Close        RSI      MACD  Sentiment  SMA
2025-04-17 16:31:00+03:00  324.00  80.000000  0.322304        0.0  NaN
2025-04-17 16:32:00+03:00  323.75  72.727273  0.319592        0.0  NaN
2025-04-17 16:33:00+03:00  323.75  72.727273  0.313825        0.0  NaN
2025-04-17 16:34:00+03:00  323.75  72.727273  0.305730        0.0  NaN
2025-04-17 16:35:00+03:00  323.50  42.857143  0.275961        0.0  NaN
2025-04-17 16:50:28,531 - INFO - NaN deðer sayýlarý:
Close         984
RSI           985
MACD          984
Sentiment       0
SMA          1000
2025-04-17 16:50:28,531 - INFO - latest_features boyutu: 0 satýr
2025-04-17 16:50:28,531 - WARNING - Özellikler hesaplanamadý: RSI, MACD, Sentiment veya SMA verisi eksik.
2025-04-17 16:51:29,136 - INFO - Gerçek zamanlý veri alýndý: 2300 satýr
2025-04-17 16:51:29,136 - INFO - Yeni veri alýndý: THYAO.IS - 2025-04-17 16:36:00+03:00 - Fiyat: 323.75
2025-04-17 16:51:29,152 - INFO - latest_data sütunlarý: [('Close', 'THYAO.IS'), ('High', 'THYAO.IS'), ('Low', 'THYAO.IS'), ('Open', 'THYAO.IS'), ('Volume', 'THYAO.IS'), ('RSI', ''), ('MACD', ''), ('Signal', ''), ('Upper_BB', ''), ('Lower_BB', ''), ('SMA', ''), ('Sentiment', ''), 'Close', 'Open', 'High', 'Low', 'Volume', 'RSI', 'MACD', 'Signal', 'Upper_BB', 'Lower_BB', 'SMA', 'Sentiment']
2025-04-17 16:51:29,152 - INFO - latest_data boyutu: 1000 satýr
2025-04-17 16:51:29,161 - INFO - latest_data son 5 satýr:
                            Close        RSI      MACD  Sentiment  SMA
2025-04-17 16:32:00+03:00  323.75  72.727273  0.319592        0.0  NaN
2025-04-17 16:33:00+03:00  323.75  72.727273  0.313825        0.0  NaN
2025-04-17 16:34:00+03:00  323.75  72.727273  0.305730        0.0  NaN
2025-04-17 16:35:00+03:00  323.50  42.857143  0.275961        0.0  NaN
2025-04-17 16:36:00+03:00  323.75  42.857143  0.269436        0.0  NaN
2025-04-17 16:51:29,161 - INFO - NaN deðer sayýlarý:
Close         983
RSI           984
MACD          983
Sentiment       0
SMA          1000
2025-04-17 16:51:29,169 - INFO - latest_features boyutu: 0 satýr
2025-04-17 16:51:29,169 - WARNING - Özellikler hesaplanamadý: RSI, MACD, Sentiment veya SMA verisi eksik.
2025-04-17 16:52:29,698 - INFO - Gerçek zamanlý veri alýndý: 2301 satýr
2025-04-17 16:52:29,698 - INFO - Yeni veri alýndý: THYAO.IS - 2025-04-17 16:37:00+03:00 - Fiyat: 323.5
2025-04-17 16:52:29,728 - INFO - latest_data sütunlarý: [('Close', 'THYAO.IS'), ('High', 'THYAO.IS'), ('Low', 'THYAO.IS'), ('Open', 'THYAO.IS'), ('Volume', 'THYAO.IS'), ('RSI', ''), ('MACD', ''), ('Signal', ''), ('Upper_BB', ''), ('Lower_BB', ''), ('SMA', ''), ('Sentiment', ''), 'Close', 'Open', 'High', 'Low', 'Volume', 'RSI', 'MACD', 'Signal', 'Upper_BB', 'Lower_BB', 'SMA', 'Sentiment']
2025-04-17 16:52:29,728 - INFO - latest_data boyutu: 1000 satýr
2025-04-17 16:52:29,738 - INFO - latest_data son 5 satýr:
                            Close        RSI      MACD  Sentiment  SMA
2025-04-17 16:33:00+03:00  323.75  72.727273  0.313825        0.0  NaN
2025-04-17 16:34:00+03:00  323.75  72.727273  0.305730        0.0  NaN
2025-04-17 16:35:00+03:00  323.50  42.857143  0.275961        0.0  NaN
2025-04-17 16:36:00+03:00  323.75  42.857143  0.269436        0.0  NaN
2025-04-17 16:37:00+03:00  323.50  42.857143  0.241310        0.0  NaN
2025-04-17 16:52:29,741 - INFO - NaN deðer sayýlarý:
Close         982
RSI           983
MACD          982
Sentiment       0
SMA          1000
2025-04-17 16:52:29,748 - INFO - latest_features boyutu: 0 satýr
2025-04-17 16:52:29,748 - WARNING - Özellikler hesaplanamadý: RSI, MACD, Sentiment veya SMA verisi eksik.
